<?xml version="1.0" encoding="UTF-8"?>
<testng-results skipped="0" failed="0" total="2" passed="2">
  <reporter-output>
  </reporter-output>
  <suite name="Suite" duration-ms="7977" started-at="2019-03-18T01:34:02Z" finished-at="2019-03-18T01:34:10Z">
    <groups>
    </groups>
    <test name="Test" duration-ms="7977" started-at="2019-03-18T01:34:02Z" finished-at="2019-03-18T01:34:10Z">
      <class name="openbaidu.openbaidu">
        <test-method status="PASS" signature="open()[pri:0, instance:openbaidu.openbaidu@5b1d2887]" name="open" duration-ms="7959" started-at="2019-03-18T09:34:02Z" finished-at="2019-03-18T09:34:10Z">
          <reporter-output>
          </reporter-output>
        </test-method> <!-- open -->
      </class> <!-- openbaidu.openbaidu -->
      <class name="openbaidu.NewTest">
        <test-method status="PASS" signature="f()[pri:0, instance:openbaidu.NewTest@7bfcd12c]" name="f" duration-ms="6" started-at="2019-03-18T09:34:02Z" finished-at="2019-03-18T09:34:02Z">
          <reporter-output>
          </reporter-output>
        </test-method> <!-- f -->
      </class> <!-- openbaidu.NewTest -->
    </test> <!-- Test -->
  </suite> <!-- Suite -->
</testng-results>
